<?xml version="1.0" encoding="UTF-8"?>
<testsuite name="CalcTest" tests="4" skipped="0" failures="0" errors="0" timestamp="2022-03-09T17:23:33" hostname="LAPTOP-UNNDP40H" time="0.03">
  <properties/>
  <testcase name="divisaoTest()" classname="CalcTest" time="0.027"/>
  <testcase name="subtracaoTest()" classname="CalcTest" time="0.001"/>
  <testcase name="somaTest()" classname="CalcTest" time="0.0"/>
  <testcase name="mutiplicacaoTest()" classname="CalcTest" time="0.0"/>
  <system-out><![CDATA[]]></system-out>
  <system-err><![CDATA[]]></system-err>
</testsuite>
